This is XeTeX, Version 3.141592653-2.6-0.999996 (TeX Live 2024) (preloaded format=xelatex 2024.12.19)  17 FEB 2025 11:33
entering extended mode
 restricted \write18 enabled.
 %&-line parsing enabled.
**"c:/Projekte/Fabian Heinlein/07 Bachelorarbeit/Bachelorarbeit/Arbeit/Dokument/BA_Arbeit_Heinlein"
(c:/Projekte/Fabian Heinlein/07 Bachelorarbeit/Bachelorarbeit/Arbeit/Dokument/BA_Arbeit_Heinlein.tex
LaTeX2e <2024-11-01> patch level 1
L3 programming layer <2024-11-02>
(c:/texlive/2024/texmf-dist/tex/latex/base/report.cls
Document Class: report 2024/06/29 v1.4n Standard LaTeX document class
(c:/texlive/2024/texmf-dist/tex/latex/base/size10.clo
File: size10.clo 2024/06/29 v1.4n Standard LaTeX file (size option)
)
\c@part=\count192
\c@chapter=\count193
\c@section=\count194
\c@subsection=\count195
\c@subsubsection=\count196
\c@paragraph=\count197
\c@subparagraph=\count198
\c@figure=\count199
\c@table=\count266
\abovecaptionskip=\skip49
\belowcaptionskip=\skip50
\bibindent=\dimen141
) (c:/texlive/2024/texmf-dist/tex/latex/geometry/geometry.sty
Package: geometry 2020/01/02 v5.9 Page Geometry
 (c:/texlive/2024/texmf-dist/tex/latex/graphics/keyval.sty
Package: keyval 2022/05/29 v1.15 key=value parser (DPC)
\KV@toks@=\toks17
) (c:/texlive/2024/texmf-dist/tex/generic/iftex/ifvtex.sty
Package: ifvtex 2019/10/25 v1.7 ifvtex legacy package. Use iftex instead.
 (c:/texlive/2024/texmf-dist/tex/generic/iftex/iftex.sty
Package: iftex 2024/12/12 v1.0g TeX engine tests
))
\Gm@cnth=\count267
\Gm@cntv=\count268
\c@Gm@tempcnt=\count269
\Gm@bindingoffset=\dimen142
\Gm@wd@mp=\dimen143
\Gm@odd@mp=\dimen144
\Gm@even@mp=\dimen145
\Gm@layoutwidth=\dimen146
\Gm@layoutheight=\dimen147
\Gm@layouthoffset=\dimen148
\Gm@layoutvoffset=\dimen149
\Gm@dimlist=\toks18
) (c:/texlive/2024/texmf-dist/tex/latex/fontspec/fontspec.sty (c:/texlive/2024/texmf-dist/tex/latex/l3packages/xparse/xparse.sty (c:/texlive/2024/texmf-dist/tex/latex/l3kernel/expl3.sty
Package: expl3 2024-11-02 L3 programming layer (loader) 
 (c:/texlive/2024/texmf-dist/tex/latex/l3backend/l3backend-xetex.def
File: l3backend-xetex.def 2024-05-08 L3 backend support: XeTeX
\g__graphics_track_int=\count270
\l__pdf_internal_box=\box52
\g__pdf_backend_annotation_int=\count271
\g__pdf_backend_link_int=\count272
))
Package: xparse 2024-08-16 L3 Experimental document command parser
)
Package: fontspec 2024/05/11 v2.9e Font selection for XeLaTeX and LuaLaTeX
 (c:/texlive/2024/texmf-dist/tex/latex/fontspec/fontspec-xetex.sty
Package: fontspec-xetex 2024/05/11 v2.9e Font selection for XeLaTeX and LuaLaTeX
\l__fontspec_script_int=\count273
\l__fontspec_language_int=\count274
\l__fontspec_strnum_int=\count275
\l__fontspec_tmp_int=\count276
\l__fontspec_tmpa_int=\count277
\l__fontspec_tmpb_int=\count278
\l__fontspec_tmpc_int=\count279
\l__fontspec_em_int=\count280
\l__fontspec_emdef_int=\count281
\l__fontspec_strong_int=\count282
\l__fontspec_strongdef_int=\count283
\l__fontspec_tmpa_dim=\dimen150
\l__fontspec_tmpb_dim=\dimen151
\l__fontspec_tmpc_dim=\dimen152
 (c:/texlive/2024/texmf-dist/tex/latex/base/fontenc.sty
Package: fontenc 2021/04/29 v2.0v Standard LaTeX package
) (c:/texlive/2024/texmf-dist/tex/latex/fontspec/fontspec.cfg))) (c:/texlive/2024/texmf-dist/tex/latex/setspace/setspace.sty
Package: setspace 2022/12/04 v6.7b set line spacing
) (c:/texlive/2024/texmf-dist/tex/latex/fancyhdr/fancyhdr.sty
Package: fancyhdr 2024/12/09 v4.5 Extensive control of page headers and footers
\f@nch@headwidth=\skip51
\f@nch@O@elh=\skip52
\f@nch@O@erh=\skip53
\f@nch@O@olh=\skip54
\f@nch@O@orh=\skip55
\f@nch@O@elf=\skip56
\f@nch@O@erf=\skip57
\f@nch@O@olf=\skip58
\f@nch@O@orf=\skip59
) (c:/texlive/2024/texmf-dist/tex/latex/graphics/graphicx.sty
Package: graphicx 2021/09/16 v1.2d Enhanced LaTeX Graphics (DPC,SPQR)
 (c:/texlive/2024/texmf-dist/tex/latex/graphics/graphics.sty
Package: graphics 2024/08/06 v1.4g Standard LaTeX Graphics (DPC,SPQR)
 (c:/texlive/2024/texmf-dist/tex/latex/graphics/trig.sty
Package: trig 2023/12/02 v1.11 sin cos tan (DPC)
) (c:/texlive/2024/texmf-dist/tex/latex/graphics-cfg/graphics.cfg
File: graphics.cfg 2016/06/04 v1.11 sample graphics configuration
)
Package graphics Info: Driver file: xetex.def on input line 106.
 (c:/texlive/2024/texmf-dist/tex/latex/graphics-def/xetex.def
File: xetex.def 2022/09/22 v5.0n Graphics/color driver for xetex
))
\Gin@req@height=\dimen153
\Gin@req@width=\dimen154
) (c:/texlive/2024/texmf-dist/tex/latex/biblatex/biblatex.sty
Package: biblatex 2024/03/21 v3.20 programmable bibliographies (PK/MW)
 (c:/texlive/2024/texmf-dist/tex/generic/pdftexcmds/pdftexcmds.sty
Package: pdftexcmds 2020-06-27 v0.33 Utility functions of pdfTeX for LuaTeX (HO)
 (c:/texlive/2024/texmf-dist/tex/generic/infwarerr/infwarerr.sty
Package: infwarerr 2019/12/03 v1.5 Providing info/warning/error messages (HO)
) (c:/texlive/2024/texmf-dist/tex/generic/ltxcmds/ltxcmds.sty
Package: ltxcmds 2023-12-04 v1.26 LaTeX kernel commands for general use (HO)
)
Package pdftexcmds Info: \pdf@primitive is available.
Package pdftexcmds Info: \pdf@ifprimitive is available.
Package pdftexcmds Info: \pdfdraftmode not found.
) (c:/texlive/2024/texmf-dist/tex/latex/etoolbox/etoolbox.sty
Package: etoolbox 2020/10/05 v2.5k e-TeX tools for LaTeX (JAW)
\etb@tempcnta=\count284
) (c:/texlive/2024/texmf-dist/tex/latex/kvoptions/kvoptions.sty
Package: kvoptions 2022-06-15 v3.15 Key value format for package options (HO)
 (c:/texlive/2024/texmf-dist/tex/latex/kvsetkeys/kvsetkeys.sty
Package: kvsetkeys 2022-10-05 v1.19 Key value parser (HO)
)) (c:/texlive/2024/texmf-dist/tex/latex/logreq/logreq.sty
Package: logreq 2010/08/04 v1.0 xml request logger
\lrq@indent=\count285
 (c:/texlive/2024/texmf-dist/tex/latex/logreq/logreq.def
File: logreq.def 2010/08/04 v1.0 logreq spec v1.0
)) (c:/texlive/2024/texmf-dist/tex/latex/base/ifthen.sty
Package: ifthen 2024/03/16 v1.1e Standard LaTeX ifthen package (DPC)
) (c:/texlive/2024/texmf-dist/tex/latex/url/url.sty
\Urlmuskip=\muskip17
Package: url 2013/09/16  ver 3.4  Verb mode for urls, etc.
)
\c@tabx@nest=\count286
\c@listtotal=\count287
\c@listcount=\count288
\c@liststart=\count289
\c@liststop=\count290
\c@citecount=\count291
\c@citetotal=\count292
\c@multicitecount=\count293
\c@multicitetotal=\count294
\c@instcount=\count295
\c@maxnames=\count296
\c@minnames=\count297
\c@maxitems=\count298
\c@minitems=\count299
\c@citecounter=\count300
\c@maxcitecounter=\count301
\c@savedcitecounter=\count302
\c@uniquelist=\count303
\c@uniquename=\count304
\c@refsection=\count305
\c@refsegment=\count306
\c@maxextratitle=\count307
\c@maxextratitleyear=\count308
\c@maxextraname=\count309
\c@maxextradate=\count310
\c@maxextraalpha=\count311
\c@abbrvpenalty=\count312
\c@highnamepenalty=\count313
\c@lownamepenalty=\count314
\c@maxparens=\count315
\c@parenlevel=\count316
\blx@tempcnta=\count317
\blx@tempcntb=\count318
\blx@tempcntc=\count319
\c@blx@maxsection=\count320
\blx@maxsegment@0=\count321
\blx@notetype=\count322
\blx@parenlevel@text=\count323
\blx@parenlevel@foot=\count324
\blx@sectionciteorder@0=\count325
\blx@sectionciteorderinternal@0=\count326
\blx@entrysetcounter=\count327
\blx@biblioinstance=\count328
\labelnumberwidth=\skip60
\labelalphawidth=\skip61
\biblabelsep=\skip62
\bibitemsep=\skip63
\bibnamesep=\skip64
\bibinitsep=\skip65
\bibparsep=\skip66
\bibhang=\skip67
\blx@bcfin=\read2
\blx@bcfout=\write3
\blx@langwohyphens=\language89
\c@mincomprange=\count329
\c@maxcomprange=\count330
\c@mincompwidth=\count331
Package biblatex Info: Trying to load biblatex default data model...
Package biblatex Info: ... file 'blx-dm.def' found.
 (c:/texlive/2024/texmf-dist/tex/latex/biblatex/blx-dm.def
File: blx-dm.def 2024/03/21 v3.20 biblatex datamodel (PK/MW)
)
Package biblatex Info: Trying to load biblatex style data model...
Package biblatex Info: ... file 'apa.dbx' found.
 (c:/texlive/2024/texmf-dist/tex/latex/biblatex-apa/apa.dbx
File: apa.dbx 2023/03/20 v9.17 APA biblatex style data model
)
Package biblatex Info: Trying to load biblatex custom data model...
Package biblatex Info: ... file 'biblatex-dm.cfg' not found.
\c@afterword=\count332
\c@savedafterword=\count333
\c@annotator=\count334
\c@savedannotator=\count335
\c@author=\count336
\c@savedauthor=\count337
\c@bookauthor=\count338
\c@savedbookauthor=\count339
\c@commentator=\count340
\c@savedcommentator=\count341
\c@editor=\count342
\c@savededitor=\count343
\c@editora=\count344
\c@savededitora=\count345
\c@editorb=\count346
\c@savededitorb=\count347
\c@editorc=\count348
\c@savededitorc=\count349
\c@foreword=\count350
\c@savedforeword=\count351
\c@holder=\count352
\c@savedholder=\count353
\c@introduction=\count354
\c@savedintroduction=\count355
\c@namea=\count356
\c@savednamea=\count357
\c@nameb=\count358
\c@savednameb=\count359
\c@namec=\count360
\c@savednamec=\count361
\c@translator=\count362
\c@savedtranslator=\count363
\c@shortauthor=\count364
\c@savedshortauthor=\count365
\c@shorteditor=\count366
\c@savedshorteditor=\count367
\c@narrator=\count368
\c@savednarrator=\count369
\c@execproducer=\count370
\c@savedexecproducer=\count371
\c@execdirector=\count372
\c@savedexecdirector=\count373
\c@with=\count374
\c@savedwith=\count375
\c@labelname=\count376
\c@savedlabelname=\count377
\c@institution=\count378
\c@savedinstitution=\count379
\c@lista=\count380
\c@savedlista=\count381
\c@listb=\count382
\c@savedlistb=\count383
\c@listc=\count384
\c@savedlistc=\count385
\c@listd=\count386
\c@savedlistd=\count387
\c@liste=\count388
\c@savedliste=\count389
\c@listf=\count390
\c@savedlistf=\count391
\c@location=\count392
\c@savedlocation=\count393
\c@organization=\count394
\c@savedorganization=\count395
\c@origlocation=\count396
\c@savedoriglocation=\count397
\c@origpublisher=\count398
\c@savedorigpublisher=\count399
\c@publisher=\count400
\c@savedpublisher=\count401
\c@language=\count402
\c@savedlanguage=\count403
\c@origlanguage=\count404
\c@savedoriglanguage=\count405
\c@citation=\count406
\c@savedcitation=\count407
\c@pageref=\count408
\c@savedpageref=\count409
\shorthandwidth=\skip68
\shortjournalwidth=\skip69
\shortserieswidth=\skip70
\shorttitlewidth=\skip71
\shortauthorwidth=\skip72
\shorteditorwidth=\skip73
\locallabelnumberwidth=\skip74
\locallabelalphawidth=\skip75
\localshorthandwidth=\skip76
\localshortjournalwidth=\skip77
\localshortserieswidth=\skip78
\localshorttitlewidth=\skip79
\localshortauthorwidth=\skip80
\localshorteditorwidth=\skip81
Package biblatex Info: Trying to load enhanced support for Unicode engines...
Package biblatex Info: ... file 'blx-unicode.def' found.
 (c:/texlive/2024/texmf-dist/tex/latex/biblatex/blx-unicode.def)
Package biblatex Info: Trying to load compatibility code...
Package biblatex Info: ... file 'blx-compat.def' found.
 (c:/texlive/2024/texmf-dist/tex/latex/biblatex/blx-compat.def
File: blx-compat.def 2024/03/21 v3.20 biblatex compatibility (PK/MW)
)
Package biblatex Info: Trying to load generic definitions...
Package biblatex Info: ... file 'biblatex.def' found.
 (c:/texlive/2024/texmf-dist/tex/latex/biblatex/biblatex.def
File: biblatex.def 2024/03/21 v3.20 biblatex compatibility (PK/MW)
\c@textcitecount=\count410
\c@textcitetotal=\count411
\c@textcitemaxnames=\count412
\c@biburlbigbreakpenalty=\count413
\c@biburlbreakpenalty=\count414
\c@biburlnumpenalty=\count415
\c@biburlucpenalty=\count416
\c@biburllcpenalty=\count417
\biburlbigskip=\muskip18
\biburlnumskip=\muskip19
\biburlucskip=\muskip20
\biburllcskip=\muskip21
\c@smartand=\count418
)
Package biblatex Info: Trying to load bibliography style 'apa'...
Package biblatex Info: ... file 'apa.bbx' found.
 (c:/texlive/2024/texmf-dist/tex/latex/biblatex-apa/apa.bbx
File: apa.bbx 2023/03/20 v9.17 APA biblatex references style
Package biblatex Info: Trying to load bibliography style 'standard'...
Package biblatex Info: ... file 'standard.bbx' found.
 (c:/texlive/2024/texmf-dist/tex/latex/biblatex/bbx/standard.bbx
File: standard.bbx 2024/03/21 v3.20 biblatex bibliography style (PK/MW)
\c@bbx:relatedcount=\count419
\c@bbx:relatedtotal=\count420
)
Package biblatex Info: Delimiter 'nameyeardelim' in context 'bib' already defined, overwriting.
Package biblatex Info: Delimiter 'nameyeardelim' in context 'biblist' already defined, overwriting.
Package biblatex Info: Delimiter 'nonameyeardelim' in context 'bib' already defined, overwriting.
Package biblatex Info: Delimiter 'nonameyeardelim' in context 'biblist' already defined, overwriting.
)
Package biblatex Info: Trying to load citation style 'apa'...
Package biblatex Info: ... file 'apa.cbx' found.
 (c:/texlive/2024/texmf-dist/tex/latex/biblatex-apa/apa.cbx
File: apa.cbx 2023/03/20 v9.17 APA biblatex citation style
Package biblatex Info: Delimiter 'nameyeardelim' in context '' already defined, overwriting.
Package biblatex Info: Delimiter 'andothersdelim' in context '' already defined, overwriting.
Package biblatex Info: Redefining '\fullcite'.
Package biblatex Info: Redefining '\citeauthor'.
Package biblatex Info: Redefining '\citeyear'.
Package biblatex Info: Redefining '\cite'.
Package biblatex Info: Redefining '\cites'.
Package biblatex Info: Redefining '\parencite'.
Package biblatex Info: Redefining '\parencites'.
Package biblatex Info: Redefining '\footcite'.
Package biblatex Info: Redefining '\footcites'.
Package biblatex Info: Redefining '\footcitetext'.
Package biblatex Info: Redefining '\footcitetexts'.
Package biblatex Info: Redefining '\smartcite'.
Package biblatex Info: Redefining '\smartcites'.
Package biblatex Info: Redefining '\textcite'.
Package biblatex Info: Redefining '\textcites'.
)
Package biblatex Info: Trying to load configuration file...
Package biblatex Info: ... file 'biblatex.cfg' found.
 (c:/texlive/2024/texmf-dist/tex/latex/biblatex/biblatex.cfg
File: biblatex.cfg 
)
Package biblatex Info: XeTeX detected.
(biblatex)             Assuming input encoding 'utf8'.
Package biblatex Info: Document encoding is UTF8 ....
Package biblatex Info: ... and expl3
(biblatex)             2024-11-02 L3 programming layer (loader) 
(biblatex)             is new enough (at least 2020/04/06),
(biblatex)             setting 'casechanger=expl3'.
 (c:/texlive/2024/texmf-dist/tex/latex/biblatex/blx-case-expl3.sty
Package: blx-case-expl3 2024/03/21 v3.20 expl3 case changing code for biblatex
)) (c:/texlive/2024/texmf-dist/tex/latex/csquotes/csquotes.sty
Package: csquotes 2024-04-04 v5.2o context-sensitive quotations (JAW)
\csq@reset=\count421
\csq@gtype=\count422
\csq@glevel=\count423
\csq@qlevel=\count424
\csq@maxlvl=\count425
\csq@tshold=\count426
\csq@ltx@everypar=\toks19
 (c:/texlive/2024/texmf-dist/tex/latex/csquotes/csquotes.def
File: csquotes.def 2024-04-04 v5.2o csquotes generic definitions (JAW)
)
Package csquotes Info: Trying to load configuration file 'csquotes.cfg'...
Package csquotes Info: ... configuration file loaded successfully.
 (c:/texlive/2024/texmf-dist/tex/latex/csquotes/csquotes.cfg
File: csquotes.cfg 
)) (c:/texlive/2024/texmf-dist/tex/generic/babel/babel.sty
Package: babel 2024/11/30 v24.14 The multilingual framework for pdfLaTeX, LuaLaTeX and XeLaTeX
\babel@savecnt=\count427
\U@D=\dimen155
\l@unhyphenated=\language90
 (c:/texlive/2024/texmf-dist/tex/generic/babel/xebabel.def)
\bbl@readstream=\read3
\bbl@dirlevel=\count428
 (c:/texlive/2024/texmf-dist/tex/generic/babel-german/ngerman.ldf
Language: ngerman 2024/12/10 v2.15 German support for babel (post-1996 orthography)
 (c:/texlive/2024/texmf-dist/tex/generic/babel-german/ngermanb.ldf
Language: ngermanb 2024/12/10 v2.15 German support for babel (post-1996 orthography)
Package babel Info: Making " an active character on input line 122.
))) (c:/texlive/2024/texmf-dist/tex/generic/babel/locale/de/babel-ngerman.tex
Package babel Info: Importing font and identification data for ngerman
(babel)             from babel-de.ini. Reported on input line 11.
) (c:/texlive/2024/texmf-dist/tex/latex/float/float.sty
Package: float 2001/11/08 v1.3d Float enhancements (AL)
\c@float@type=\count429
\float@exts=\toks20
\float@box=\box53
\@float@everytoks=\toks21
\@floatcapt=\box54
) (c:/texlive/2024/texmf-dist/tex/latex/amsmath/amsmath.sty
Package: amsmath 2024/11/05 v2.17t AMS math features
\@mathmargin=\skip82

For additional information on amsmath, use the `?' option.
(c:/texlive/2024/texmf-dist/tex/latex/amsmath/amstext.sty
Package: amstext 2021/08/26 v2.01 AMS text
 (c:/texlive/2024/texmf-dist/tex/latex/amsmath/amsgen.sty
File: amsgen.sty 1999/11/30 v2.0 generic functions
\@emptytoks=\toks22
\ex@=\dimen156
)) (c:/texlive/2024/texmf-dist/tex/latex/amsmath/amsbsy.sty
Package: amsbsy 1999/11/29 v1.2d Bold Symbols
\pmbraise@=\dimen157
) (c:/texlive/2024/texmf-dist/tex/latex/amsmath/amsopn.sty
Package: amsopn 2022/04/08 v2.04 operator names
)
\inf@bad=\count430
LaTeX Info: Redefining \frac on input line 233.
\uproot@=\count431
\leftroot@=\count432
LaTeX Info: Redefining \overline on input line 398.
LaTeX Info: Redefining \colon on input line 409.
\classnum@=\count433
\DOTSCASE@=\count434
LaTeX Info: Redefining \ldots on input line 495.
LaTeX Info: Redefining \dots on input line 498.
LaTeX Info: Redefining \cdots on input line 619.
\Mathstrutbox@=\box55
\strutbox@=\box56
LaTeX Info: Redefining \big on input line 721.
LaTeX Info: Redefining \Big on input line 722.
LaTeX Info: Redefining \bigg on input line 723.
LaTeX Info: Redefining \Bigg on input line 724.
\big@size=\dimen158
LaTeX Font Info:    Redeclaring font encoding OML on input line 742.
LaTeX Font Info:    Redeclaring font encoding OMS on input line 743.
\macc@depth=\count435
LaTeX Info: Redefining \bmod on input line 904.
LaTeX Info: Redefining \pmod on input line 909.
LaTeX Info: Redefining \smash on input line 939.
LaTeX Info: Redefining \relbar on input line 969.
LaTeX Info: Redefining \Relbar on input line 970.
\c@MaxMatrixCols=\count436
\dotsspace@=\muskip22
\c@parentequation=\count437
\dspbrk@lvl=\count438
\tag@help=\toks23
\row@=\count439
\column@=\count440
\maxfields@=\count441
\andhelp@=\toks24
\eqnshift@=\dimen159
\alignsep@=\dimen160
\tagshift@=\dimen161
\tagwidth@=\dimen162
\totwidth@=\dimen163
\lineht@=\dimen164
\@envbody=\toks25
\multlinegap=\skip83
\multlinetaggap=\skip84
\mathdisplay@stack=\toks26
LaTeX Info: Redefining \[ on input line 2953.
LaTeX Info: Redefining \] on input line 2954.
) (c:/texlive/2024/texmf-dist/tex/latex/tools/longtable.sty
Package: longtable 2024-10-27 v4.22 Multi-page Table package (DPC)
\LTleft=\skip85
\LTright=\skip86
\LTpre=\skip87
\LTpost=\skip88
\LTchunksize=\count442
\LTcapwidth=\dimen165
\LT@head=\box57
\LT@firsthead=\box58
\LT@foot=\box59
\LT@lastfoot=\box60
\LT@gbox=\box61
\LT@cols=\count443
\LT@rows=\count444
\c@LT@tables=\count445
\c@LT@chunks=\count446
\LT@p@ftn=\toks27
) (c:/texlive/2024/texmf-dist/tex/latex/tools/array.sty
Package: array 2024/10/17 v2.6g Tabular extension package (FMi)
\col@sep=\dimen166
\ar@mcellbox=\box62
\extrarowheight=\dimen167
\NC@list=\toks28
\extratabsurround=\skip89
\backup@length=\skip90
\ar@cellbox=\box63
) (c:/texlive/2024/texmf-dist/tex/latex/graphics/rotating.sty
Package: rotating 2016/08/11 v2.16d rotated objects in LaTeX
\c@r@tfl@t=\count447
\rotFPtop=\skip91
\rotFPbot=\skip92
\rot@float@box=\box64
\rot@mess@toks=\toks29
)

Package fontspec Info: 
(fontspec)             Font family 'Arial(0)' created for font 'Arial' with
(fontspec)             options [Ligatures=TeX].
(fontspec)              
(fontspec)              This font family consists of the following NFSS
(fontspec)             series/shapes:
(fontspec)              
(fontspec)             - 'normal' (m/n) with NFSS spec.:
(fontspec)             <->"Arial/OT:script=latn;language=dflt;mapping=tex-text;"
(fontspec)             - 'small caps'  (m/sc) with NFSS spec.:
(fontspec)             <->"Arial/OT:script=latn;language=dflt;+smcp;mapping=tex-text;"
(fontspec)             - 'bold' (b/n) with NFSS spec.:
(fontspec)             <->"Arial/B/OT:script=latn;language=dflt;mapping=tex-text;"
(fontspec)             - 'bold small caps'  (b/sc) with NFSS spec.:
(fontspec)             <->"Arial/B/OT:script=latn;language=dflt;+smcp;mapping=tex-text;"
(fontspec)             - 'italic' (m/it) with NFSS spec.:
(fontspec)             <->"Arial/I/OT:script=latn;language=dflt;mapping=tex-text;"
(fontspec)             - 'italic small caps'  (m/scit) with NFSS spec.:
(fontspec)             <->"Arial/I/OT:script=latn;language=dflt;+smcp;mapping=tex-text;"
(fontspec)             - 'bold italic' (b/it) with NFSS spec.:
(fontspec)             <->"Arial/BI/OT:script=latn;language=dflt;mapping=tex-text;"
(fontspec)             - 'bold italic small caps'  (b/scit) with NFSS spec.:
(fontspec)             <->"Arial/BI/OT:script=latn;language=dflt;+smcp;mapping=tex-text;"

Package csquotes Info: Checking for multilingual support...
Package csquotes Info: ... found 'babel' package.
Package csquotes Info: Adjusting default style.
Package csquotes Info: Redefining alias 'default' -> 'ngerman'.
 (./BA_Arbeit_Heinlein.aux)
\openout1 = `BA_Arbeit_Heinlein.aux'.

LaTeX Font Info:    Checking defaults for OML/cmm/m/it on input line 28.
LaTeX Font Info:    ... okay on input line 28.
LaTeX Font Info:    Checking defaults for OMS/cmsy/m/n on input line 28.
LaTeX Font Info:    ... okay on input line 28.
LaTeX Font Info:    Checking defaults for OT1/cmr/m/n on input line 28.
LaTeX Font Info:    ... okay on input line 28.
LaTeX Font Info:    Checking defaults for T1/cmr/m/n on input line 28.
LaTeX Font Info:    ... okay on input line 28.
LaTeX Font Info:    Checking defaults for TS1/cmr/m/n on input line 28.
LaTeX Font Info:    ... okay on input line 28.
LaTeX Font Info:    Checking defaults for TU/lmr/m/n on input line 28.
LaTeX Font Info:    ... okay on input line 28.
LaTeX Font Info:    Checking defaults for OMX/cmex/m/n on input line 28.
LaTeX Font Info:    ... okay on input line 28.
LaTeX Font Info:    Checking defaults for U/cmr/m/n on input line 28.
LaTeX Font Info:    ... okay on input line 28.

*geometry* driver: auto-detecting
*geometry* detected driver: xetex
*geometry* verbose mode - [ preamble ] result:
* driver: xetex
* paper: a4paper
* layout: <same size as paper>
* layoutoffset:(h,v)=(0.0pt,0.0pt)
* modes: twoside 
* h-part:(L,W,R)=(113.81102pt, 398.3386pt, 85.35826pt)
* v-part:(T,H,B)=(71.13188pt, 702.78308pt, 71.13188pt)
* \paperwidth=597.50787pt
* \paperheight=845.04684pt
* \textwidth=398.3386pt
* \textheight=702.78308pt
* \oddsidemargin=41.54103pt
* \evensidemargin=13.08827pt
* \topmargin=-38.1381pt
* \headheight=12.0pt
* \headsep=25.0pt
* \topskip=10.0pt
* \footskip=30.0pt
* \marginparwidth=111.0pt
* \marginparsep=11.0pt
* \columnsep=10.0pt
* \skip\footins=9.0pt plus 4.0pt minus 2.0pt
* \hoffset=0.0pt
* \voffset=0.0pt
* \mag=1000
* \@twocolumnfalse
* \@twosidetrue
* \@mparswitchtrue
* \@reversemarginfalse
* (1in=72.27pt=25.4mm, 1cm=28.453pt)


Package fontspec Info: 
(fontspec)             Adjusting the maths setup (use [no-math] to avoid
(fontspec)             this).

\symlegacymaths=\mathgroup4
LaTeX Font Info:    Overwriting symbol font `legacymaths' in version `bold'
(Font)                  OT1/cmr/m/n --> OT1/cmr/bx/n on input line 28.
LaTeX Font Info:    Redeclaring math accent \acute on input line 28.
LaTeX Font Info:    Redeclaring math accent \grave on input line 28.
LaTeX Font Info:    Redeclaring math accent \ddot on input line 28.
LaTeX Font Info:    Redeclaring math accent \tilde on input line 28.
LaTeX Font Info:    Redeclaring math accent \bar on input line 28.
LaTeX Font Info:    Redeclaring math accent \breve on input line 28.
LaTeX Font Info:    Redeclaring math accent \check on input line 28.
LaTeX Font Info:    Redeclaring math accent \hat on input line 28.
LaTeX Font Info:    Redeclaring math accent \dot on input line 28.
LaTeX Font Info:    Redeclaring math accent \mathring on input line 28.
LaTeX Font Info:    Redeclaring math symbol \Gamma on input line 28.
LaTeX Font Info:    Redeclaring math symbol \Delta on input line 28.
LaTeX Font Info:    Redeclaring math symbol \Theta on input line 28.
LaTeX Font Info:    Redeclaring math symbol \Lambda on input line 28.
LaTeX Font Info:    Redeclaring math symbol \Xi on input line 28.
LaTeX Font Info:    Redeclaring math symbol \Pi on input line 28.
LaTeX Font Info:    Redeclaring math symbol \Sigma on input line 28.
LaTeX Font Info:    Redeclaring math symbol \Upsilon on input line 28.
LaTeX Font Info:    Redeclaring math symbol \Phi on input line 28.
LaTeX Font Info:    Redeclaring math symbol \Psi on input line 28.
LaTeX Font Info:    Redeclaring math symbol \Omega on input line 28.
LaTeX Font Info:    Redeclaring math symbol \mathdollar on input line 28.
LaTeX Font Info:    Redeclaring symbol font `operators' on input line 28.
LaTeX Font Info:    Encoding `OT1' has changed to `TU' for symbol font
(Font)              `operators' in the math version `normal' on input line 28.
LaTeX Font Info:    Overwriting symbol font `operators' in version `normal'
(Font)                  OT1/cmr/m/n --> TU/Arial(0)/m/n on input line 28.
LaTeX Font Info:    Encoding `OT1' has changed to `TU' for symbol font
(Font)              `operators' in the math version `bold' on input line 28.
LaTeX Font Info:    Overwriting symbol font `operators' in version `bold'
(Font)                  OT1/cmr/bx/n --> TU/Arial(0)/m/n on input line 28.
LaTeX Font Info:    Overwriting symbol font `operators' in version `normal'
(Font)                  TU/Arial(0)/m/n --> TU/Arial(0)/m/n on input line 28.
LaTeX Font Info:    Overwriting math alphabet `\mathit' in version `normal'
(Font)                  OT1/cmr/m/it --> TU/Arial(0)/m/it on input line 28.
LaTeX Font Info:    Overwriting math alphabet `\mathbf' in version `normal'
(Font)                  OT1/cmr/bx/n --> TU/Arial(0)/b/n on input line 28.
LaTeX Font Info:    Overwriting math alphabet `\mathsf' in version `normal'
(Font)                  OT1/cmss/m/n --> TU/lmss/m/n on input line 28.
LaTeX Font Info:    Overwriting math alphabet `\mathtt' in version `normal'
(Font)                  OT1/cmtt/m/n --> TU/lmtt/m/n on input line 28.
LaTeX Font Info:    Overwriting symbol font `operators' in version `bold'
(Font)                  TU/Arial(0)/m/n --> TU/Arial(0)/b/n on input line 28.
LaTeX Font Info:    Overwriting math alphabet `\mathit' in version `bold'
(Font)                  OT1/cmr/bx/it --> TU/Arial(0)/b/it on input line 28.
LaTeX Font Info:    Overwriting math alphabet `\mathsf' in version `bold'
(Font)                  OT1/cmss/bx/n --> TU/lmss/b/n on input line 28.
LaTeX Font Info:    Overwriting math alphabet `\mathtt' in version `bold'
(Font)                  OT1/cmtt/m/n --> TU/lmtt/b/n on input line 28.
Package biblatex Info: Trying to load language 'ngerman' -> 'ngerman-apa'...
Package biblatex Info: ... file 'ngerman-apa.lbx' found.
(c:/texlive/2024/texmf-dist/tex/latex/biblatex-apa/ngerman-apa.lbx
File: ngerman-apa.lbx 2023/03/20 v9.17 APA biblatex localisation
Package biblatex Info: Trying to load language 'ngerman'...
Package biblatex Info: ... file 'ngerman.lbx' found.
 (c:/texlive/2024/texmf-dist/tex/latex/biblatex/lbx/ngerman.lbx
File: ngerman.lbx 2024/03/21 v3.20 biblatex localization (PK/MW)
Package biblatex Info: Trying to load language 'german' -> 'german-apa'...
Package biblatex Info: ... file 'german-apa.lbx' found.
 (c:/texlive/2024/texmf-dist/tex/latex/biblatex-apa/german-apa.lbx
File: german-apa.lbx 2023/03/20 v9.17 APA biblatex localisation
Package biblatex Info: Trying to load language 'german'...
Package biblatex Info: ... file 'german.lbx' found.
 (c:/texlive/2024/texmf-dist/tex/latex/biblatex/lbx/german.lbx
File: german.lbx 2024/03/21 v3.20 biblatex localization (PK/MW)
)))
Package biblatex Info: Trying to load language 'ngerman'...
Package biblatex Info: ... file 'ngerman.lbx' found.
 (c:/texlive/2024/texmf-dist/tex/latex/biblatex/lbx/ngerman.lbx
File: ngerman.lbx 2024/03/21 v3.20 biblatex localization (PK/MW)
Package biblatex Info: Trying to load language 'german' -> 'german-apa'...
Package biblatex Info: ... file 'german-apa.lbx' found.
 (c:/texlive/2024/texmf-dist/tex/latex/biblatex-apa/german-apa.lbx
File: german-apa.lbx 2023/03/20 v9.17 APA biblatex localisation
Package biblatex Info: Trying to load language 'german'...
Package biblatex Info: ... file 'german.lbx' found.
 (c:/texlive/2024/texmf-dist/tex/latex/biblatex/lbx/german.lbx
File: german.lbx 2024/03/21 v3.20 biblatex localization (PK/MW)
))))
Package biblatex Info: XeTeX detected.
(biblatex)             Assuming input encoding 'utf8'.
Package biblatex Info: Automatic encoding selection.
(biblatex)             Assuming data encoding 'utf8'.
\openout3 = `BA_Arbeit_Heinlein.bcf'.

Package biblatex Info: Trying to load bibliographic data...
Package biblatex Info: ... file 'BA_Arbeit_Heinlein.bbl' found.
 (./BA_Arbeit_Heinlein.bbl

Package biblatex Warning: Biber reported the following issues
(biblatex)                with 'DIN18599.2018':
(biblatex)                - misc entry 'DIN18599.2018' (../../Ressourcen/Bibliographie/ba_literatur.bib): Invalid format '02.01.2025' of date field 'urldate' - ignoring.


Package biblatex Warning: Biber reported the following issues
(biblatex)                with 'DIN50006.2024':
(biblatex)                - misc entry 'DIN50006.2024' (../../Ressourcen/Bibliographie/ba_literatur.bib): Invalid format '02.01.2025' of date field 'urldate' - ignoring.


Package biblatex Warning: Biber reported the following issues
(biblatex)                with 'Engelmann.2015':
(biblatex)                - inbook entry 'Engelmann.2015' (../../Ressourcen/Bibliographie/ba_literatur.bib): Invalid format '31.12.2024' of date field 'urldate' - ignoring.


Package biblatex Warning: Biber reported the following issues
(biblatex)                with 'DIN18599.2018':
(biblatex)                - misc entry 'DIN18599.2018' (../../Ressourcen/Bibliographie/ba_literatur.bib): Invalid format '02.01.2025' of date field 'urldate' - ignoring.


Package biblatex Warning: Biber reported the following issues
(biblatex)                with 'DIN50006.2024':
(biblatex)                - misc entry 'DIN50006.2024' (../../Ressourcen/Bibliographie/ba_literatur.bib): Invalid format '02.01.2025' of date field 'urldate' - ignoring.


Package biblatex Warning: Biber reported the following issues
(biblatex)                with 'Engelmann.2015':
(biblatex)                - inbook entry 'Engelmann.2015' (../../Ressourcen/Bibliographie/ba_literatur.bib): Invalid format '31.12.2024' of date field 'urldate' - ignoring.

)
Package biblatex Info: Reference section=0 on input line 28.
Package biblatex Info: Reference segment=0 on input line 28.
File: ../../Ressourcen/Bilder/FHE-AI_Logo.png Graphic file (type bmp)
<../../Ressourcen/Bilder/FHE-AI_Logo.png>


[1

]

[1

]

[2

]

[3

] (./BA_Arbeit_Heinlein.toc)
\tf@toc=\write4
\openout4 = `BA_Arbeit_Heinlein.toc'.



[4

]
Kapitel 1.
(../Kapitel/01_Einleitung/01_Hintergrund_Motivation.tex

[1

]) (../Kapitel/01_Einleitung/02_Problemstellung.tex

[2]) (../Kapitel/01_Einleitung/03_Ziele.tex) (../Kapitel/01_Einleitung/04_Aufbau.tex

[3]

[4])

[5]
Kapitel 2.
(../Kapitel/02_Theoretische_Grundlagen/01_Grundlagen_von_Bilanzräumen/01_Energiebilanzierung.tex

LaTeX Warning: Reference `fig:Energieverbrauch_Wärme_DE' on page 6 undefined on input line 12.

File: ../../Ressourcen/Abbildungen/Energieverbrauch_für_Wärmezweck_DE.jpg Graphic file (type bmp)
<../../Ressourcen/Abbildungen/Energieverbrauch_für_Wärmezweck_DE.jpg>

LaTeX Warning: Reference `fig:Energieverbrauch_Wärme_DE' on page 6 undefined on input line 21.



[6

]

LaTeX Warning: Reference `energiebilanzierungsgleichung_Rönsch' on page 7 undefined on input line 51.


LaTeX Warning: Reference `energiegleicheit_Rönsch' on page 7 undefined on input line 66.


LaTeX Warning: Reference `energiegleicheit_Rönsch' on page 7 undefined on input line 75.



[7]

LaTeX Warning: Reference `BilanzierungsgleichungAhrendt' on page 8 undefined on input line 88.


LaTeX Warning: Reference `BilanzierungsgleichungAhrendtStrom' on page 8 undefined on input line 88.


LaTeX Warning: Reference `BilanzierungsgleichungAhrendt' on page 8 undefined on input line 121.


LaTeX Warning: Reference `BilanzierungsgleichungAhrendtStrom' on page 8 undefined on input line 121.


LaTeX Warning: Reference `BilanzierungsgleichungAhrendt' on page 8 undefined on input line 124.


LaTeX Warning: Reference `BilanzierungsgleichungAhrendt' on page 8 undefined on input line 131.


LaTeX Warning: Reference `BilanzierungsgleichungAhrendtStrom' on page 8 undefined on input line 131.


LaTeX Warning: Reference `BilanzierungsgleichungAhrendt' on page 8 undefined on input line 134.


LaTeX Warning: Reference `BilanzierungsgleichungAhrendtStrom' on page 8 undefined on input line 134.


LaTeX Warning: Reference `energiebilanzierungsgleichung_Rönsch' on page 8 undefined on input line 138.


LaTeX Warning: Reference `BilanzierungsgleichungAhrendt' on page 8 undefined on input line 138.


LaTeX Warning: Reference `BilanzierungsgleichungAhrendtStrom' on page 8 undefined on input line 138.


LaTeX Warning: Reference `energiebilanzierungsgleichung_Rönsch' on page 8 undefined on input line 141.


LaTeX Warning: Reference `BilanzierungsgleichungAhrendt' on page 8 undefined on input line 141.


LaTeX Warning: Reference `BilanzierungsgleichungAhrendtStrom' on page 8 undefined on input line 141.

) (../Kapitel/02_Theoretische_Grundlagen/01_Grundlagen_von_Bilanzräumen/02_Definition_von_Bilanzräumen.tex

[8]

LaTeX Warning: Reference `EffizienzgleichungMiller' on page 9 undefined on input line 14.


LaTeX Warning: Reference `EffizienzgleichungMiller' on page 9 undefined on input line 27.


LaTeX Warning: Reference `BilanzierungsgleichungAhrendt' on page 9 undefined on input line 31.


LaTeX Warning: Reference `BilanzierungsgleichungAhrendtStrom' on page 9 undefined on input line 31.


LaTeX Warning: Reference `BilanzierungsgleichungAhrendt' on page 9 undefined on input line 34.



[9]
File: ../../Ressourcen/Abbildungen/Energiewertschöpfingskette_Posch.jpg Graphic file (type bmp)
<../../Ressourcen/Abbildungen/Energiewertschöpfingskette_Posch.jpg>


LaTeX Warning: Reference `fig:Energieflussschema_Posch' on page 10 undefined on input line 84.


LaTeX Warning: Reference `fig:Energieflussschema_Posch' on page 10 undefined on input line 89.



[10]

LaTeX Warning: Reference `fig:Übersicht_Bilanzräume' on page 11 undefined on input line 92.

File: ../../Ressourcen/Abbildungen/Nutzengröße_Bewertungseinheit.jpg Graphic file (type bmp)
<../../Ressourcen/Abbildungen/Nutzengröße_Bewertungseinheit.jpg>

LaTeX Warning: Reference `BilanzierungsgleichungAhrendt' on page 11 undefined on input line 106.


LaTeX Warning: Reference `fig:Übersicht_Bilanzräume' on page 11 undefined on input line 107.


LaTeX Warning: Reference `fig:Übersicht_Bilanzräume' on page 11 undefined on input line 114.


Overfull \hbox (1.30501pt too wide) in paragraph at lines 114--119
[]\TU/Arial(0)/m/n/10 Im Bilanzraumkonzept der Abbildung [] werden die abfließenden Energieströme durch
 []



[11]

LaTeX Warning: Reference `BilanzierungsgleichungAhrendt' on page 12 undefined on input line 123.


LaTeX Warning: Reference `fig:Energieflussschema_Posch' on page 12 undefined on input line 131.


LaTeX Warning: Reference `fig:Energieverbrauch_Wärme_DE' on page 12 undefined on input line 142.


LaTeX Warning: Reference `fig:Übersicht_Bilanzräume' on page 12 undefined on input line 145.


LaTeX Warning: Reference `fig:Disagggregation_Bilanzraum_Untersuchungsgegenstand' on page 12 undefined on input line 146.

File: ../../Ressourcen/Abbildungen/Untersuchungsgegenstand_Zerlegt.jpg Graphic file (type bmp)
<../../Ressourcen/Abbildungen/Untersuchungsgegenstand_Zerlegt.jpg>


[12]

LaTeX Warning: Reference `fig:Disagggregation_Bilanzraum_Nutzengrößen' on page 13 undefined on input line 158.

File: ../../Ressourcen/Abbildungen/Nutzengröße_Bewertungseinheit_Zerlegt.jpg Graphic file (type bmp)
<../../Ressourcen/Abbildungen/Nutzengröße_Bewertungseinheit_Zerlegt.jpg>
) (../Kapitel/02_Theoretische_Grundlagen/02_Bilanzräume_im_Energiemanagement_nach_ISO_50001/01_Energieleistungskennzahlen.tex

[13]
File: ../../Ressourcen/Abbildungen/ISO_50006_Beispiel_EnPI_EnB.jpg Graphic file (type bmp)
<../../Ressourcen/Abbildungen/ISO_50006_Beispiel_EnPI_EnB.jpg>


LaTeX Warning: Reference `fig:Beziehung_EnPI_EnB_ISO_50006' on page 14 undefined on input line 29.


LaTeX Warning: Reference `fig:Beziehung_EnPI_EnB_ISO_50006' on page 14 undefined on input line 34.



[14]
File: ../../Ressourcen/Abbildungen/Arten_von_Kennzahlen.jpg Graphic file (type bmp)
<../../Ressourcen/Abbildungen/Arten_von_Kennzahlen.jpg>


LaTeX Warning: Reference `fig:Arten_Kennzahlen' on page 15 undefined on input line 51.


LaTeX Warning: Reference `fig:Beziehung_EnPI_EnB_ISO_50006' on page 15 undefined on input line 53.


LaTeX Warning: Reference `fig:Beziehung_EnPI_EnB_ISO_50006' on page 15 undefined on input line 55.


LaTeX Warning: Reference `fig:Übersicht_Bilanzräume' on page 15 undefined on input line 63.


LaTeX Warning: Reference `fig:Beziehung_EnPI_EnB_ISO_50006' on page 15 undefined on input line 67.



[15]

LaTeX Warning: Reference `fig:EnPI_Grenzniveaus' on page 16 undefined on input line 86.

File: ../../Ressourcen/Abbildungen/EnPI_Grenzniveaus_ISO_50006.jpg Graphic file (type bmp)
<../../Ressourcen/Abbildungen/EnPI_Grenzniveaus_ISO_50006.jpg>

LaTeX Warning: Reference `fig:EnPI_Grenzniveaus' on page 16 undefined on input line 95.

) (../Kapitel/02_Theoretische_Grundlagen/02_Bilanzräume_im_Energiemanagement_nach_ISO_50001/02_Energieeinsätze.tex

[16]

LaTeX Warning: Reference `EnergieeinsatzMiller' on page 17 undefined on input line 9.


LaTeX Warning: Reference `EffizienzgleichungMiller' on page 17 undefined on input line 10.


LaTeX Warning: Reference `fig:Disagggregation_Bilanzraum_Nutzengrößen' on page 17 undefined on input line 36.


LaTeX Warning: Reference `fig:Disagggregation_Bilanzraum_Nutzengrößen_Beispiel' on page 17 undefined on input line 41.


LaTeX Warning: Reference `SepzifischerEnergieinsatzMiller' on page 17 undefined on input line 46.


LaTeX Warning: Reference `Anteil_Gesamtenergieverbrauch' on page 17 undefined on input line 48.



[17]
File: ../../Ressourcen/Abbildungen/Nutzengröße_Bewertungseinheit_Zerlegt_Beispiel.jpg Graphic file (type bmp)
<../../Ressourcen/Abbildungen/Nutzengröße_Bewertungseinheit_Zerlegt_Beispiel.jpg>


LaTeX Warning: Reference `fig:Disagggregation_Bilanzraum_Untersuchungsgegenstand' on page 18 undefined on input line 72.


LaTeX Warning: Reference `fig:Disagggregation_Bilanzraum_Untersuchungsgegenstand_Beispiel' on page 18 undefined on input line 77.


LaTeX Warning: Reference `fig:Disagggregation_Bilanzraum_Nutzengrößen_Beispiel' on page 18 undefined on input line 79.



[18]
File: ../../Ressourcen/Abbildungen/Untersuchungsgegenstand_Zerlegt_Beispiel.jpg Graphic file (type bmp)
<../../Ressourcen/Abbildungen/Untersuchungsgegenstand_Zerlegt_Beispiel.jpg>
) (../Kapitel/02_Theoretische_Grundlagen/02_Bilanzräume_im_Energiemanagement_nach_ISO_50001/03_Allgemeine_Vorgaben_der_ISO_50001.tex

LaTeX Warning: Reference `fig:Erwägungen_Identifizierung_Rel_Var' on page 19 undefined on input line 17.



[19]
File: ../../Ressourcen/Abbildungen/Erwägungen_relevanter_Variablen.jpg Graphic file (type bmp)
<../../Ressourcen/Abbildungen/Erwägungen_relevanter_Variablen.jpg>


[20])

[21]
Kapitel 3.
(../Kapitel/03_Konzept/01_Anforderungen_an_Konzept.tex

LaTeX Warning: Reference `tab:funktionale_anforderungen' on page 22 undefined on input line 5.


Overfull \hbox (2.21883pt too wide) in paragraph at lines 12--12
[]|\TU/Arial(0)/b/n/10 Index| 
 []


Underfull \hbox (badness 10000) in paragraph at lines 17--18
[]|\TU/Arial(0)/m/n/10 Definition
 []


Underfull \hbox (badness 10000) in paragraph at lines 17--18
\TU/Arial(0)/m/n/10 von Ener-
 []


Underfull \hbox (badness 10000) in paragraph at lines 17--18
\TU/Arial(0)/m/n/10 gieströmen,
 []


Underfull \hbox (badness 10000) in paragraph at lines 17--18
\TU/Arial(0)/m/n/10 -quellen und
 []


Underfull \hbox (badness 10000) in paragraph at lines 17--18
\TU/Arial(0)/m/n/10 -senken in
 []


Underfull \hbox (badness 3396) in paragraph at lines 18--19
\TU/Arial(0)/m/n/10 jeden Bilanzraum beliebig viele
 []


LaTeX Warning: Reference `BilanzierungsgleichungAhrendt' on page 22 undefined on input line 19.


Underfull \hbox (badness 4391) in paragraph at lines 19--21
[]|\TU/Arial(0)/m/n/10 Die mathematische Beschreibung
 []


Underfull \hbox (badness 10000) in paragraph at lines 19--21
\TU/Arial(0)/m/n/10 der Bilanzierung nach Ahrendt
 []


Underfull \hbox (badness 10000) in paragraph at lines 19--21
\TU/Arial(0)/m/n/10 (vgl. Gleichung []) beschreibt
 []


Underfull \hbox (badness 4454) in paragraph at lines 19--21
\TU/Arial(0)/m/n/10 die Veränderung der bilanzierten
 []


Underfull \hbox (badness 10000) in paragraph at lines 19--21
\TU/Arial(0)/m/n/10 Zustandsgröße in Abhängigkeit
 []


Underfull \hbox (badness 10000) in paragraph at lines 23--24
[]|\TU/Arial(0)/m/n/10 Definition
 []


Underfull \hbox (badness 10000) in paragraph at lines 23--24
\TU/Arial(0)/m/n/10 des Untersu-
 []


Underfull \hbox (badness 10000) in paragraph at lines 23--24
\TU/Arial(0)/m/n/10 chungsgegen-
 []


Underfull \hbox (badness 1033) in paragraph at lines 24--25
[]|\TU/Arial(0)/m/n/10 Im Bilanzraumkonzept \TU/Arial(0)/b/n/10 muss \TU/Arial(0)/m/n/10 für
 []


Underfull \hbox (badness 6608) in paragraph at lines 24--25
\TU/Arial(0)/m/n/10 jeden Bilanzraum ein Untersu-
 []


Underfull \hbox (badness 1152) in paragraph at lines 24--25
\TU/Arial(0)/m/n/10 chungsgegenstand definiert wer-
 []


Underfull \hbox (badness 10000) in paragraph at lines 28--29
[]|\TU/Arial(0)/m/n/10 Zeitliche
 []


Underfull \hbox (badness 1983) in paragraph at lines 29--30
\TU/Arial(0)/m/n/10 Möglichkeit bieten, die Bilanzie-
 []


LaTeX Warning: Reference `BilanzierungsgleichungAhrendt' on page 22 undefined on input line 30.


Underfull \hbox (badness 1688) in paragraph at lines 30--32
[]|\TU/Arial(0)/m/n/10 Die Zustandsgröße der Bilanz ist
 []


Underfull \hbox (badness 10000) in paragraph at lines 34--35
[]|\TU/Arial(0)/m/n/10 Integration
 []


Underfull \hbox (badness 10000) in paragraph at lines 34--35
\TU/Arial(0)/m/n/10 von Energie-
 []


Underfull \hbox (badness 2460) in paragraph at lines 35--38
\TU/Arial(0)/m/n/10 ergiespeichernden Komponenten
 []


Underfull \hbox (badness 1817) in paragraph at lines 35--38
\TU/Arial(0)/m/n/10 ermöglichen. Im Zuge der Inte-
 []


LaTeX Warning: Reference `energiebilanzierungsgleichung_Rönsch' on page 22 undefined on input line 38.


Underfull \hbox (badness 1533) in paragraph at lines 38--41
[]|\TU/Arial(0)/m/n/10 Energiespeicher wirken sich nach
 []


Underfull \hbox (badness 2744) in paragraph at lines 38--41
\TU/Arial(0)/m/n/10 einer Energiebilanz nach Rönsch
 []


Underfull \hbox (badness 10000) in paragraph at lines 43--44
[]|\TU/Arial(0)/m/n/10 Bewertungs-
 []


Underfull \hbox (badness 10000) in paragraph at lines 43--44
\TU/Arial(0)/m/n/10 einheiten
 []


Underfull \hbox (badness 10000) in paragraph at lines 43--44
\TU/Arial(0)/m/n/10 eines Bilanz-
 []


Underfull \hbox (badness 10000) in paragraph at lines 44--46
[]|\TU/Arial(0)/m/n/10 Das Bilanzraumkonzept \TU/Arial(0)/b/n/10 muss
 []


Underfull \hbox (badness 10000) in paragraph at lines 44--46
\TU/Arial(0)/m/n/10 Energieformen und Energieträ-
 []


Underfull \hbox (badness 1609) in paragraph at lines 46--47
[]|\TU/Arial(0)/m/n/10 Die bevorzugte Bewertungseinheit
 []


Overfull \hbox (3.52512pt too wide) in paragraph at lines 49--49
[]|\TU/Arial(0)/m/n/10 Quantifizierung
 []


Underfull \hbox (badness 10000) in paragraph at lines 49--49
\TU/Arial(0)/m/n/10 von Energie-
 []


Underfull \hbox (badness 10000) in paragraph at lines 49--49
\TU/Arial(0)/m/n/10 dienstleistun-
 []


Underfull \hbox (badness 10000) in paragraph at lines 50--52
[]|\TU/Arial(0)/m/n/10 Das Bilanzraumkonzept \TU/Arial(0)/b/n/10 muss
 []


Underfull \hbox (badness 3343) in paragraph at lines 50--52
\TU/Arial(0)/m/n/10 in Anlehnung an das von Mil-
 []


Underfull \hbox (badness 6592) in paragraph at lines 50--52
\TU/Arial(0)/m/n/10 ler (2016) entworfene Konzept
 []


Underfull \hbox (badness 10000) in paragraph at lines 50--52
\TU/Arial(0)/m/n/10 der Bewertungsräume aus ei-
 []


Underfull \hbox (badness 10000) in paragraph at lines 50--52
\TU/Arial(0)/m/n/10 nem Bilanzraum austretende
 []


Underfull \hbox (badness 1117) in paragraph at lines 50--52
\TU/Arial(0)/m/n/10 Energieströme in Form von En-
 []


Underfull \hbox (badness 10000) in paragraph at lines 50--52
\TU/Arial(0)/m/n/10 ergiedienstleistungen mit einer
 []


Underfull \hbox (badness 2503) in paragraph at lines 50--52
\TU/Arial(0)/m/n/10 Bewertungseinheit konkretisieren
 []


LaTeX Warning: Reference `fig:Energieflussschema_Posch' on page 22 undefined on input line 52.


Underfull \hbox (badness 1158) in paragraph at lines 52--55
\TU/Arial(0)/m/n/10 besondere im Rahmen der Bilan-
 []


Underfull \hbox (badness 4366) in paragraph at lines 52--55
\TU/Arial(0)/m/n/10 bare Energiedienstleistungen auf-
 []


Underfull \hbox (badness 2027) in paragraph at lines 52--55
\TU/Arial(0)/m/n/10 Form von Energiedienstleistungen
 []


Overfull \hbox (3.53pt too wide) in paragraph at lines 57--58
[]|\TU/Arial(0)/m/n/10 Disaggregation
 []


Overfull \hbox (0.73703pt too wide) in paragraph at lines 62--63
[]|\TU/Arial(0)/m/n/10 Definierbarkeit
 []


Underfull \hbox (badness 10000) in paragraph at lines 62--63
\TU/Arial(0)/m/n/10 der Bilanz-
 []


Underfull \hbox (badness 10000) in paragraph at lines 62--63
\TU/Arial(0)/m/n/10 raumgrenzen
 []


Underfull \hbox (badness 10000) in paragraph at lines 62--63
\TU/Arial(0)/m/n/10 nach Grenz-
 []


Underfull \hbox (badness 10000) in paragraph at lines 62--63
\TU/Arial(0)/m/n/10 niveaus der
 []


Underfull \hbox (badness 10000) in paragraph at lines 62--63
\TU/Arial(0)/m/n/10 E DIN ISO
 []


Underfull \hbox (badness 10000) in paragraph at lines 62--63
\TU/Arial(0)/m/n/10 50006:2024-
 []


LaTeX Warning: Reference `fig:EnPI_Grenzniveaus' on page 22 undefined on input line 63.


Overfull \hbox (0.73703pt too wide) in paragraph at lines 70--71
[]|\TU/Arial(0)/m/n/10 Definierbarkeit
 []


Underfull \hbox (badness 10000) in paragraph at lines 70--71
\TU/Arial(0)/m/n/10 von Energie-
 []


Underfull \hbox (badness 10000) in paragraph at lines 70--71
\TU/Arial(0)/m/n/10 leistungs-
 []


Underfull \hbox (badness 5756) in paragraph at lines 71--72
\TU/Arial(0)/m/n/10 Definition von Energieleistungs-
 []


Underfull \hbox (badness 10000) in paragraph at lines 72--73
[]|\TU/Arial(0)/m/n/10 Energieleistungskennzahlen sind
 []


Underfull \hbox (badness 10000) in paragraph at lines 72--73
\TU/Arial(0)/m/n/10 zentral für die Bewertung der
 []


Underfull \hbox (badness 10000) in paragraph at lines 72--73
\TU/Arial(0)/m/n/10 energiebezogenen Leistung im
 []


Underfull \hbox (badness 10000) in paragraph at lines 72--73
\TU/Arial(0)/m/n/10 Energiemanagement nach ISO
 []


Underfull \hbox (badness 10000) in paragraph at lines 75--76
[]|\TU/Arial(0)/m/n/10 Definierbare
 []


Underfull \hbox (badness 10000) in paragraph at lines 75--76
\TU/Arial(0)/m/n/10 Arten von
 []


Underfull \hbox (badness 10000) in paragraph at lines 75--76
\TU/Arial(0)/m/n/10 Energieleis-
 []


Underfull \hbox (badness 10000) in paragraph at lines 75--76
\TU/Arial(0)/m/n/10 tungskenn-
 []


Underfull \hbox (badness 10000) in paragraph at lines 76--76
[]|\TU/Arial(0)/m/n/10 Das Bilanzraumkonzept \TU/Arial(0)/b/n/10 muss
 []


Underfull \hbox (badness 1622) in paragraph at lines 76--76
\TU/Arial(0)/m/n/10 in einem Bilanzraum EnPIs der
 []


Underfull \hbox (badness 1533) in paragraph at lines 77--78
[]|\TU/Arial(0)/m/n/10 Unterschiedliche Arten von Kenn-
 []


Underfull \hbox (badness 10000) in paragraph at lines 80--81
\TU/Arial(0)/m/n/10 energetischen
 []


Underfull \hbox (badness 10000) in paragraph at lines 80--81
\TU/Arial(0)/m/n/10 Ausgangsba-
 []


Underfull \hbox (badness 1983) in paragraph at lines 81--82
\TU/Arial(0)/m/n/10 gangsbasis bereitstellen und im
 []


LaTeX Warning: Reference `fig:Beziehung_EnPI_EnB_ISO_50006' on page 22 undefined on input line 82.


Underfull \hbox (badness 2980) in paragraph at lines 82--84
[]|\TU/Arial(0)/m/n/10 Die Differenz zwischen der Aus-
 []


Underfull \hbox (badness 1158) in paragraph at lines 86--87
[]|\TU/Arial(0)/m/n/10 Definition von
 []


Underfull \hbox (badness 10000) in paragraph at lines 86--87
\TU/Arial(0)/m/n/10 operativen
 []


LaTeX Warning: Reference `fig:Beziehung_EnPI_EnB_ISO_50006' on page 22 undefined on input line 88.


Underfull \hbox (badness 1533) in paragraph at lines 88--89
[]|\TU/Arial(0)/m/n/10 Die Bewertung der Zielerreichung
 []


Underfull \hbox (badness 2486) in paragraph at lines 88--89
\TU/Arial(0)/m/n/10 Verbesserung der energiebezoge-
 []


Underfull \hbox (badness 10000) in paragraph at lines 91--92
[]|\TU/Arial(0)/m/n/10 Integration
 []


Underfull \hbox (badness 10000) in paragraph at lines 91--92
\TU/Arial(0)/m/n/10 von relevan-
 []


Underfull \hbox (badness 4647) in paragraph at lines 93--96
[]|\TU/Arial(0)/m/n/10 Die Analyse von relevanten Va-
 []


Underfull \hbox (badness 4156) in paragraph at lines 93--96
\TU/Arial(0)/m/n/10 EnPIs ist einer der Grundlegen-
 []


Underfull \hbox (badness 4168) in paragraph at lines 93--96
\TU/Arial(0)/m/n/10 Anforderungen der DIN EN ISO
 []


Underfull \hbox (badness 10000) in paragraph at lines 101--102
[]|\TU/Arial(0)/m/n/10 Zeit-Werte-
 []


Underfull \hbox (badness 10000) in paragraph at lines 101--102
\TU/Arial(0)/m/n/10 Verlauf von
 []


Underfull \hbox (badness 2293) in paragraph at lines 102--103
\TU/Arial(0)/m/n/10 lanzraum definierten EnPIs und
 []


Underfull \hbox (badness 10000) in paragraph at lines 106--107
[]|\TU/Arial(0)/m/n/10 Abbildbare
 []


Underfull \hbox (badness 10000) in paragraph at lines 106--107
\TU/Arial(0)/m/n/10 Kennzahlen-
 []


Underfull \hbox (badness 10000) in paragraph at lines 107--107
[]|\TU/Arial(0)/m/n/10 Das Bilanzraumkonzept \TU/Arial(0)/b/n/10 muss
 []


Underfull \hbox (badness 1622) in paragraph at lines 107--107
\TU/Arial(0)/m/n/10 in einem Bilanzraum EnPIs der
 []


Underfull \hbox (badness 1533) in paragraph at lines 108--109
[]|\TU/Arial(0)/m/n/10 Unterschiedliche Arten von Kenn-
 []


Underfull \hbox (badness 1147) in paragraph at lines 111--112
\TU/Arial(0)/m/n/10 gregation von
 []


LaTeX Warning: Reference `fig:Beziehung_EnPI_EnB_ISO_50006' on page 22 undefined on input line 114.


Underfull \hbox (badness 2384) in paragraph at lines 113--115
\TU/Arial(0)/m/n/10 lung der Energiebezogenen Leis-
 []


Underfull \hbox (badness 10000) in paragraph at lines 117--118
[]|\TU/Arial(0)/m/n/10 Bestimmung
 []


Underfull \hbox (badness 10000) in paragraph at lines 117--118
\TU/Arial(0)/m/n/10 des Energie-
 []


Underfull \hbox (badness 1715) in paragraph at lines 118--119
\TU/Arial(0)/m/n/10 einsatz in einem Bilanzzeitraum
 []


Underfull \hbox (badness 1087) in paragraph at lines 119--121
\TU/Arial(0)/m/n/10 von der Organisation festgelegten
 []


Underfull \hbox (badness 10000) in paragraph at lines 123--124
[]|\TU/Arial(0)/m/n/10 Bestimmung
 []


Underfull \hbox (badness 10000) in paragraph at lines 123--124
\TU/Arial(0)/m/n/10 des spe-
 []


Underfull \hbox (badness 10000) in paragraph at lines 123--124
\TU/Arial(0)/m/n/10 zifischen
 []


Underfull \hbox (badness 10000) in paragraph at lines 123--124
\TU/Arial(0)/m/n/10 Energieein-
 []


LaTeX Warning: Reference `SepzifischerEnergieinsatzMiller' on page 22 undefined on input line 125.


Underfull \hbox (badness 2521) in paragraph at lines 124--126
\TU/Arial(0)/m/n/10 gen bilanziert \TU/Arial(0)/b/n/10 muss \TU/Arial(0)/m/n/10 der spezi-
 []


Underfull \hbox (badness 1701) in paragraph at lines 124--126
\TU/Arial(0)/m/n/10 fische Energieeinsatz (vgl. Glei-
 []


Underfull \hbox (badness 2689) in paragraph at lines 126--128
\TU/Arial(0)/m/n/10 als Maß der Energieeffizienz bei
 []


Underfull \hbox (badness 1533) in paragraph at lines 126--128
\TU/Arial(0)/m/n/10 der Erfüllung einer Energiedienst-
 []


Underfull \hbox (badness 10000) in paragraph at lines 130--131
[]|\TU/Arial(0)/m/n/10 Auswertung
 []


Underfull \hbox (badness 10000) in paragraph at lines 130--131
\TU/Arial(0)/m/n/10 von Ener-
 []


Underfull \hbox (badness 10000) in paragraph at lines 130--131
\TU/Arial(0)/m/n/10 gieeinsätzen
 []


Underfull \hbox (badness 10000) in paragraph at lines 130--131
\TU/Arial(0)/m/n/10 in Disaggre-
 []


Underfull \hbox (badness 10000) in paragraph at lines 130--131
\TU/Arial(0)/m/n/10 gierten (Teil-
 []


Overfull \hbox (4.06711pt too wide) in paragraph at lines 130--131
\TU/Arial(0)/m/n/10 )Bilanzrräumen| 
 []


Underfull \hbox (badness 10000) in paragraph at lines 131--132
[]|\TU/Arial(0)/m/n/10 Das Bilanzraumkonzept \TU/Arial(0)/b/n/10 muss
 []


Underfull \hbox (badness 10000) in paragraph at lines 131--132
\TU/Arial(0)/m/n/10 Funktionen zur Analyse des
 []


Underfull \hbox (badness 10000) in paragraph at lines 131--132
\TU/Arial(0)/m/n/10 Energieeinsatzes eines Bilanz-
 []


Underfull \hbox (badness 3375) in paragraph at lines 131--132
\TU/Arial(0)/m/n/10 raums im Verhältnis zu seinen
 []


Underfull \hbox (badness 3668) in paragraph at lines 131--132
\TU/Arial(0)/m/n/10 disaggregierten Teilbilanzräumen
 []


Underfull \hbox (badness 3547) in paragraph at lines 132--134
\TU/Arial(0)/m/n/10 in Teilbilanzräumen im Verhältnis
 []


Overfull \hbox (49.99994pt too wide) in alignment at lines 7--135
 [] [] [] [] 
 []

[22

] [23] [24])
Overfull \hbox (9.48416pt too wide) in paragraph at lines 118--118
[]\TU/Arial(0)/b/n/14.4 Ist-Zustand des Datenbankschemas von EMS-EDM Pro-
 []

(../Kapitel/03_Konzept/02_Beschreibung_des_aktuellen_Zustands.tex

LaTeX Warning: Reference `fig:Datenbankschema_Prophet_ZRM' on page 25 undefined on input line 3.


Overfull \hbox (24.40794pt too wide) in paragraph at lines 20--24
\TU/Arial(0)/m/n/10 wird eine Zuweisung von in ZRM_ZRINFO angelegten Infofeldern mit einem in ZRM_ZR_ZRINFO
 []

)

[25] (../Kapitel/03_Konzept/03_Bilanzraumkonzept.tex

LaTeX Warning: Reference `tab:funktionale_anforderungen' on page 26 undefined on input line 2.

File: ../../Ressourcen/Abbildungen/Konzept/BIL_BR.png Graphic file (type bmp)
<../../Ressourcen/Abbildungen/Konzept/BIL_BR.png>

LaTeX Warning: Reference `fig:BIL_BR' on page 26 undefined on input line 15.


LaTeX Warning: Reference `tab:funktionale_anforderungen' on page 26 undefined on input line 17.


LaTeX Warning: Reference `tab:funktionale_anforderungen' on page 26 undefined on input line 22.


LaTeX Warning: Reference `tab:funktionale_anforderungen' on page 26 undefined on input line 24.


LaTeX Warning: Reference `fig:EnPI_Grenzniveaus' on page 26 undefined on input line 25.



[26]
File: ../../Ressourcen/Abbildungen/Konzept/BIL_AGIN.png Graphic file (type bmp)
<../../Ressourcen/Abbildungen/Konzept/BIL_AGIN.png>
)

[27]
Kapitel 4.


[28

]
Kapitel 5.


[29

]
Overfull \hbox (13.9175pt too wide) in paragraph at lines 189--189
[][][] [] [][] [] [][][][][][][][] [] [][][][] [] [][][][][][][][] [] [][][][][][][][][] [][] [][][] [][] [][][] [][] [][][][][][][][][][][][] [][] [][][][][][][][][][][][][][][][][]$ 
 []


Overfull \hbox (42.87828pt too wide) in paragraph at lines 189--189
[][]\TU/Arial(0)/m/n/10 Hohnhold & Kai. (2013). Steigerung der Energieeffizienz durch Energiemanagement: Ausgestaltungs-
 []


Overfull \hbox (0.58678pt too wide) in paragraph at lines 189--189
\TU/Arial(0)/m/n/10 hydratbasierte Niedertemperatur-Latentwärmespeicher. \TU/Arial(0)/m/it/10 Chemie Ingenieur Technik\TU/Arial(0)/m/n/10 ,
 []

Missing character: There is no ^^81 (U+0081) in font Arial Italic/OT:script=latn;language=dflt;mapping=tex-text;!


[30

]

[31]
Anhang A.
(../Kapitel/06_Anhang/Abbildungen.tex
File: ../../Ressourcen/Abbildungen/Schema_ZRM_ZR.jpg Graphic file (type bmp)
<../../Ressourcen/Abbildungen/Schema_ZRM_ZR.jpg>
)

[32

]

[33] (./BA_Arbeit_Heinlein.aux)
 ***********
LaTeX2e <2024-11-01> patch level 1
L3 programming layer <2024-11-02>
 ***********


LaTeX Warning: There were undefined references.


LaTeX Warning: Label(s) may have changed. Rerun to get cross-references right.


Package biblatex Warning: Please rerun LaTeX.
(biblatex)                Page breaks have changed.

Package logreq Info: Writing requests to 'BA_Arbeit_Heinlein.run.xml'.
\openout1 = `BA_Arbeit_Heinlein.run.xml'.

 ) 
Here is how much of TeX's memory you used:
 16169 strings out of 473964
 356976 string characters out of 5736610
 1393753 words of memory out of 5000000
 38884 multiletter control sequences out of 15000+600000
 558723 words of font info for 63 fonts, out of 8000000 for 9000
 1350 hyphenation exceptions out of 8191
 79i,7n,93p,2296b,7177s stack positions out of 10000i,1000n,20000p,200000b,200000s

Output written on BA_Arbeit_Heinlein.pdf (38 pages).
